Found 25 files to evaluate.

--- Processing U01_data.csv ---
  Random Forest        -> Accuracy:  96.58%,  Macro FPR: 0.0019
  Decision Tree        -> Accuracy:  93.62%,  Macro FPR: 0.0036
  Logistic Regression  -> Accuracy:  45.08%,  Macro FPR: 0.0310
  Neural Network       -> Accuracy:  84.48%,  Macro FPR: 0.0087
  >> Best Model: Random Forest (Acc: 96.58%)

--- Processing U02_data.csv ---
  Random Forest        -> Accuracy:  97.29%,  Macro FPR: 0.0015
  Decision Tree        -> Accuracy:  95.09%,  Macro FPR: 0.0028
  Logistic Regression  -> Accuracy:  52.30%,  Macro FPR: 0.0271
  Neural Network       -> Accuracy:  87.95%,  Macro FPR: 0.0068
  >> Best Model: Random Forest (Acc: 97.29%)

--- Processing U03_data.csv ---
  Random Forest        -> Accuracy:  95.06%,  Macro FPR: 0.0028
  Decision Tree        -> Accuracy:  91.55%,  Macro FPR: 0.0047
  Logistic Regression  -> Accuracy:  47.28%,  Macro FPR: 0.0300
  Neural Network       -> Accuracy:  80.06%,  Macro FPR: 0.0112
  >> Best Model: Random Forest (Acc: 95.06%)

--- Processing U04_data.csv ---
  Random Forest        -> Accuracy:  94.96%,  Macro FPR: 0.0028
  Decision Tree        -> Accuracy:  91.40%,  Macro FPR: 0.0048
  Logistic Regression  -> Accuracy:  46.28%,  Macro FPR: 0.0306
  Neural Network       -> Accuracy:  81.69%,  Macro FPR: 0.0103
  >> Best Model: Random Forest (Acc: 94.96%)

--- Processing U05_data.csv ---
  Random Forest        -> Accuracy:  96.48%,  Macro FPR: 0.0020
  Decision Tree        -> Accuracy:  93.53%,  Macro FPR: 0.0036
  Logistic Regression  -> Accuracy:  44.02%,  Macro FPR: 0.0314
  Neural Network       -> Accuracy:  82.93%,  Macro FPR: 0.0096
  >> Best Model: Random Forest (Acc: 96.48%)

--- Processing U06_data.csv ---
  Random Forest        -> Accuracy:  96.26%,  Macro FPR: 0.0021
  Decision Tree        -> Accuracy:  92.49%,  Macro FPR: 0.0042
  Logistic Regression  -> Accuracy:  42.92%,  Macro FPR: 0.0323
  Neural Network       -> Accuracy:  82.80%,  Macro FPR: 0.0097
  >> Best Model: Random Forest (Acc: 96.26%)

--- Processing U07_data.csv ---
  Random Forest        -> Accuracy:  96.36%,  Macro FPR: 0.0021
  Decision Tree        -> Accuracy:  93.44%,  Macro FPR: 0.0037
  Logistic Regression  -> Accuracy:  52.71%,  Macro FPR: 0.0273
  Neural Network       -> Accuracy:  86.07%,  Macro FPR: 0.0079
  >> Best Model: Random Forest (Acc: 96.36%)

--- Processing U08_data.csv ---
  Random Forest        -> Accuracy:  94.20%,  Macro FPR: 0.0033
  Decision Tree        -> Accuracy:  89.89%,  Macro FPR: 0.0057
  Logistic Regression  -> Accuracy:  43.50%,  Macro FPR: 0.0324
  Neural Network       -> Accuracy:  79.01%,  Macro FPR: 0.0119
  >> Best Model: Random Forest (Acc: 94.20%)

--- Processing U09_data.csv ---
  Random Forest        -> Accuracy:  95.74%,  Macro FPR: 0.0024
  Decision Tree        -> Accuracy:  92.69%,  Macro FPR: 0.0041
  Logistic Regression  -> Accuracy:  44.39%,  Macro FPR: 0.0313
  Neural Network       -> Accuracy:  81.38%,  Macro FPR: 0.0105
  >> Best Model: Random Forest (Acc: 95.74%)

--- Processing U10_data.csv ---
  Random Forest        -> Accuracy:  96.93%,  Macro FPR: 0.0017
  Decision Tree        -> Accuracy:  94.24%,  Macro FPR: 0.0032
  Logistic Regression  -> Accuracy:  46.25%,  Macro FPR: 0.0307
  Neural Network       -> Accuracy:  85.66%,  Macro FPR: 0.0081
  >> Best Model: Random Forest (Acc: 96.93%)

--- Processing U11_data.csv ---
  Random Forest        -> Accuracy:  95.56%,  Macro FPR: 0.0025
  Decision Tree        -> Accuracy:  93.49%,  Macro FPR: 0.0036
  Logistic Regression  -> Accuracy:  45.84%,  Macro FPR: 0.0310
  Neural Network       -> Accuracy:  83.10%,  Macro FPR: 0.0096
  >> Best Model: Random Forest (Acc: 95.56%)

--- Processing U12_data.csv ---
  Random Forest        -> Accuracy:  96.20%,  Macro FPR: 0.0021
  Decision Tree        -> Accuracy:  92.14%,  Macro FPR: 0.0044
  Logistic Regression  -> Accuracy:  50.64%,  Macro FPR: 0.0276
  Neural Network       -> Accuracy:  87.11%,  Macro FPR: 0.0072
  >> Best Model: Random Forest (Acc: 96.20%)

--- Processing U13_data.csv ---
  Random Forest        -> Accuracy:  95.25%,  Macro FPR: 0.0027
  Decision Tree        -> Accuracy:  91.80%,  Macro FPR: 0.0046
  Logistic Regression  -> Accuracy:  47.41%,  Macro FPR: 0.0298
  Neural Network       -> Accuracy:  81.48%,  Macro FPR: 0.0105
  >> Best Model: Random Forest (Acc: 95.25%)

--- Processing U14_data.csv ---
  Random Forest        -> Accuracy:  96.20%,  Macro FPR: 0.0021
  Decision Tree        -> Accuracy:  93.91%,  Macro FPR: 0.0034
  Logistic Regression  -> Accuracy:  49.42%,  Macro FPR: 0.0283
  Neural Network       -> Accuracy:  86.19%,  Macro FPR: 0.0077
  >> Best Model: Random Forest (Acc: 96.20%)

--- Processing U21_data.csv ---
  Random Forest        -> Accuracy:  99.04%,  Macro FPR: 0.0024
  Decision Tree        -> Accuracy:  99.04%,  Macro FPR: 0.0024
  Logistic Regression  -> Accuracy:  78.84%,  Macro FPR: 0.0535
  Neural Network       -> Accuracy:  99.04%,  Macro FPR: 0.0024
  >> Best Model: Random Forest (Acc: 99.04%)

--- Processing U22_data.csv ---
  Random Forest        -> Accuracy:  97.63%,  Macro FPR: 0.0061
  Decision Tree        -> Accuracy:  96.68%,  Macro FPR: 0.0085
  Logistic Regression  -> Accuracy:  81.84%,  Macro FPR: 0.0464
  Neural Network       -> Accuracy:  96.61%,  Macro FPR: 0.0086
  >> Best Model: Random Forest (Acc: 97.63%)

--- Processing U23_data.csv ---
  Random Forest        -> Accuracy:  98.83%,  Macro FPR: 0.0023
  Decision Tree        -> Accuracy:  97.20%,  Macro FPR: 0.0058
  Logistic Regression  -> Accuracy:  81.02%,  Macro FPR: 0.0392
  Neural Network       -> Accuracy:  97.46%,  Macro FPR: 0.0050
  >> Best Model: Random Forest (Acc: 98.83%)

--- Processing U24_data.csv ---
  Random Forest        -> Accuracy:  99.84%,  Macro FPR: 0.0004
  Decision Tree        -> Accuracy:  99.64%,  Macro FPR: 0.0008
  Logistic Regression  -> Accuracy:  93.80%,  Macro FPR: 0.0135
  Neural Network       -> Accuracy:  99.53%,  Macro FPR: 0.0011
  >> Best Model: Random Forest (Acc: 99.84%)

--- Processing U25_data.csv ---
  Random Forest        -> Accuracy: 100.00%,  Macro FPR: 0.0000
  Decision Tree        -> Accuracy:  99.91%,  Macro FPR: 0.0002
  Logistic Regression  -> Accuracy:  96.95%,  Macro FPR: 0.0082
  Neural Network       -> Accuracy:  99.91%,  Macro FPR: 0.0002
  >> Best Model: Random Forest (Acc: 100.00%)

--- Processing U26_data.csv ---
  Random Forest        -> Accuracy:  99.67%,  Macro FPR: 0.0007
  Decision Tree        -> Accuracy:  99.47%,  Macro FPR: 0.0011
  Logistic Regression  -> Accuracy:  90.04%,  Macro FPR: 0.0204
  Neural Network       -> Accuracy:  99.06%,  Macro FPR: 0.0018
  >> Best Model: Random Forest (Acc: 99.67%)

--- Processing U27_data.csv ---
  Random Forest        -> Accuracy:  99.69%,  Macro FPR: 0.0007
  Decision Tree        -> Accuracy:  99.81%,  Macro FPR: 0.0004
  Logistic Regression  -> Accuracy:  87.44%,  Macro FPR: 0.0261
  Neural Network       -> Accuracy:  99.69%,  Macro FPR: 0.0007
  >> Best Model: Decision Tree (Acc: 99.81%)

--- Processing U28_data.csv ---
  Random Forest        -> Accuracy:  99.60%,  Macro FPR: 0.0008
  Decision Tree        -> Accuracy:  98.76%,  Macro FPR: 0.0027
  Logistic Regression  -> Accuracy:  75.56%,  Macro FPR: 0.0502
  Neural Network       -> Accuracy:  98.53%,  Macro FPR: 0.0030
  >> Best Model: Random Forest (Acc: 99.60%)

--- Processing U29_data.csv ---
  Random Forest        -> Accuracy:  99.65%,  Macro FPR: 0.0008
  Decision Tree        -> Accuracy:  99.50%,  Macro FPR: 0.0010
  Logistic Regression  -> Accuracy:  85.01%,  Macro FPR: 0.0314
  Neural Network       -> Accuracy:  99.01%,  Macro FPR: 0.0020
  >> Best Model: Random Forest (Acc: 99.65%)

--- Processing U30_data.csv ---
  Random Forest        -> Accuracy:  98.76%,  Macro FPR: 0.0026
  Decision Tree        -> Accuracy:  97.34%,  Macro FPR: 0.0056
  Logistic Regression  -> Accuracy:  81.66%,  Macro FPR: 0.0384
  Neural Network       -> Accuracy:  98.01%,  Macro FPR: 0.0040
  >> Best Model: Random Forest (Acc: 98.76%)

--- Processing U31_data.csv ---
  Random Forest        -> Accuracy:  99.93%,  Macro FPR: 0.0001
  Decision Tree        -> Accuracy:  99.40%,  Macro FPR: 0.0012
  Logistic Regression  -> Accuracy:  82.83%,  Macro FPR: 0.0359
  Neural Network       -> Accuracy:  99.60%,  Macro FPR: 0.0008
  >> Best Model: Random Forest (Acc: 99.93%)

========================================================
                     FINAL SUMMARY
========================================================

Model [Random Forest] performed best on 24 CSV file(s).
  Each CSV File's Accuracy & False Positive Rate:
    - U01_data.csv     |  Acc:  96.58%  |  FPR: 0.0019
    - U02_data.csv     |  Acc:  97.29%  |  FPR: 0.0015
    - U03_data.csv     |  Acc:  95.06%  |  FPR: 0.0028
    - U04_data.csv     |  Acc:  94.96%  |  FPR: 0.0028
    - U05_data.csv     |  Acc:  96.48%  |  FPR: 0.0020
    - U06_data.csv     |  Acc:  96.26%  |  FPR: 0.0021
    - U07_data.csv     |  Acc:  96.36%  |  FPR: 0.0021
    - U08_data.csv     |  Acc:  94.20%  |  FPR: 0.0033
    - U09_data.csv     |  Acc:  95.74%  |  FPR: 0.0024
    - U10_data.csv     |  Acc:  96.93%  |  FPR: 0.0017
    - U11_data.csv     |  Acc:  95.56%  |  FPR: 0.0025
    - U12_data.csv     |  Acc:  96.20%  |  FPR: 0.0021
    - U13_data.csv     |  Acc:  95.25%  |  FPR: 0.0027
    - U14_data.csv     |  Acc:  96.20%  |  FPR: 0.0021
    - U21_data.csv     |  Acc:  99.04%  |  FPR: 0.0024
    - U22_data.csv     |  Acc:  97.63%  |  FPR: 0.0061
    - U23_data.csv     |  Acc:  98.83%  |  FPR: 0.0023
    - U24_data.csv     |  Acc:  99.84%  |  FPR: 0.0004
    - U25_data.csv     |  Acc: 100.00%  |  FPR: 0.0000
    - U26_data.csv     |  Acc:  99.67%  |  FPR: 0.0007
    - U27_data.csv     |  Acc:  99.69%  |  FPR: 0.0007
    - U28_data.csv     |  Acc:  99.60%  |  FPR: 0.0008
    - U29_data.csv     |  Acc:  99.65%  |  FPR: 0.0008
    - U30_data.csv     |  Acc:  98.76%  |  FPR: 0.0026
    - U31_data.csv     |  Acc:  99.93%  |  FPR: 0.0001
  -> AVERAGE for Random Forest |  Acc:  97.43%  |  FPR: 0.0020

Model [Decision Tree] performed best on 1 CSV file(s).
  Each CSV File's Accuracy & False Positive Rate:
    - U01_data.csv     |  Acc:  93.62%  |  FPR: 0.0036
    - U02_data.csv     |  Acc:  95.09%  |  FPR: 0.0028
    - U03_data.csv     |  Acc:  91.55%  |  FPR: 0.0047
    - U04_data.csv     |  Acc:  91.40%  |  FPR: 0.0048
    - U05_data.csv     |  Acc:  93.53%  |  FPR: 0.0036
    - U06_data.csv     |  Acc:  92.49%  |  FPR: 0.0042
    - U07_data.csv     |  Acc:  93.44%  |  FPR: 0.0037
    - U08_data.csv     |  Acc:  89.89%  |  FPR: 0.0057
    - U09_data.csv     |  Acc:  92.69%  |  FPR: 0.0041
    - U10_data.csv     |  Acc:  94.24%  |  FPR: 0.0032
    - U11_data.csv     |  Acc:  93.49%  |  FPR: 0.0036
    - U12_data.csv     |  Acc:  92.14%  |  FPR: 0.0044
    - U13_data.csv     |  Acc:  91.80%  |  FPR: 0.0046
    - U14_data.csv     |  Acc:  93.91%  |  FPR: 0.0034
    - U21_data.csv     |  Acc:  99.04%  |  FPR: 0.0024
    - U22_data.csv     |  Acc:  96.68%  |  FPR: 0.0085
    - U23_data.csv     |  Acc:  97.20%  |  FPR: 0.0058
    - U24_data.csv     |  Acc:  99.64%  |  FPR: 0.0008
    - U25_data.csv     |  Acc:  99.91%  |  FPR: 0.0002
    - U26_data.csv     |  Acc:  99.47%  |  FPR: 0.0011
    - U27_data.csv     |  Acc:  99.81%  |  FPR: 0.0004
    - U28_data.csv     |  Acc:  98.76%  |  FPR: 0.0027
    - U29_data.csv     |  Acc:  99.50%  |  FPR: 0.0010
    - U30_data.csv     |  Acc:  97.34%  |  FPR: 0.0056
    - U31_data.csv     |  Acc:  99.40%  |  FPR: 0.0012
  -> AVERAGE for Decision Tree |  Acc:  95.44%  |  FPR: 0.0035

Model [Logistic Regression] performed best on 0 CSV file(s).
  Each CSV File's Accuracy & False Positive Rate:
    - U01_data.csv     |  Acc:  45.08%  |  FPR: 0.0310
    - U02_data.csv     |  Acc:  52.30%  |  FPR: 0.0271
    - U03_data.csv     |  Acc:  47.28%  |  FPR: 0.0300
    - U04_data.csv     |  Acc:  46.28%  |  FPR: 0.0306
    - U05_data.csv     |  Acc:  44.02%  |  FPR: 0.0314
    - U06_data.csv     |  Acc:  42.92%  |  FPR: 0.0323
    - U07_data.csv     |  Acc:  52.71%  |  FPR: 0.0273
    - U08_data.csv     |  Acc:  43.50%  |  FPR: 0.0324
    - U09_data.csv     |  Acc:  44.39%  |  FPR: 0.0313
    - U10_data.csv     |  Acc:  46.25%  |  FPR: 0.0307
    - U11_data.csv     |  Acc:  45.84%  |  FPR: 0.0310
    - U12_data.csv     |  Acc:  50.64%  |  FPR: 0.0276
    - U13_data.csv     |  Acc:  47.41%  |  FPR: 0.0298
    - U14_data.csv     |  Acc:  49.42%  |  FPR: 0.0283
    - U21_data.csv     |  Acc:  78.84%  |  FPR: 0.0535
    - U22_data.csv     |  Acc:  81.84%  |  FPR: 0.0464
    - U23_data.csv     |  Acc:  81.02%  |  FPR: 0.0392
    - U24_data.csv     |  Acc:  93.80%  |  FPR: 0.0135
    - U25_data.csv     |  Acc:  96.95%  |  FPR: 0.0082
    - U26_data.csv     |  Acc:  90.04%  |  FPR: 0.0204
    - U27_data.csv     |  Acc:  87.44%  |  FPR: 0.0261
    - U28_data.csv     |  Acc:  75.56%  |  FPR: 0.0502
    - U29_data.csv     |  Acc:  85.01%  |  FPR: 0.0314
    - U30_data.csv     |  Acc:  81.66%  |  FPR: 0.0384
    - U31_data.csv     |  Acc:  82.83%  |  FPR: 0.0359
  -> AVERAGE for Logistic Regression |  Acc:  63.72%  |  FPR: 0.0314

Model [Neural Network] performed best on 0 CSV file(s).
  Each CSV File's Accuracy & False Positive Rate:
    - U01_data.csv     |  Acc:  84.48%  |  FPR: 0.0087
    - U02_data.csv     |  Acc:  87.95%  |  FPR: 0.0068
    - U03_data.csv     |  Acc:  80.06%  |  FPR: 0.0112
    - U04_data.csv     |  Acc:  81.69%  |  FPR: 0.0103
    - U05_data.csv     |  Acc:  82.93%  |  FPR: 0.0096
    - U06_data.csv     |  Acc:  82.80%  |  FPR: 0.0097
    - U07_data.csv     |  Acc:  86.07%  |  FPR: 0.0079
    - U08_data.csv     |  Acc:  79.01%  |  FPR: 0.0119
    - U09_data.csv     |  Acc:  81.38%  |  FPR: 0.0105
    - U10_data.csv     |  Acc:  85.66%  |  FPR: 0.0081
    - U11_data.csv     |  Acc:  83.10%  |  FPR: 0.0096
    - U12_data.csv     |  Acc:  87.11%  |  FPR: 0.0072
    - U13_data.csv     |  Acc:  81.48%  |  FPR: 0.0105
    - U14_data.csv     |  Acc:  86.19%  |  FPR: 0.0077
    - U21_data.csv     |  Acc:  99.04%  |  FPR: 0.0024
    - U22_data.csv     |  Acc:  96.61%  |  FPR: 0.0086
    - U23_data.csv     |  Acc:  97.46%  |  FPR: 0.0050
    - U24_data.csv     |  Acc:  99.53%  |  FPR: 0.0011
    - U25_data.csv     |  Acc:  99.91%  |  FPR: 0.0002
    - U26_data.csv     |  Acc:  99.06%  |  FPR: 0.0018
    - U27_data.csv     |  Acc:  99.69%  |  FPR: 0.0007
    - U28_data.csv     |  Acc:  98.53%  |  FPR: 0.0030
    - U29_data.csv     |  Acc:  99.01%  |  FPR: 0.0020
    - U30_data.csv     |  Acc:  98.01%  |  FPR: 0.0040
    - U31_data.csv     |  Acc:  99.60%  |  FPR: 0.0008
  -> AVERAGE for Neural Network |  Acc:  90.25%  |  FPR: 0.0064

========================================================
                     CONCLUSION
========================================================
Based on evaluating models on the movement dataset, the best overall model across all CSV computations is: 'Random Forest'.

[SUCCESS] Saved comprehensive continuous Accuracy tables strictly structured to 'model_accuracies.csv'.
[SUCCESS] Saved comprehensive continuous FPR table strictly structured to 'model_fprs.csv'.
[SUCCESS] Complete terminal validation log and computations are successfully duplicated/appended chronologically to root log file -> 'output.log'.
Found 25 files to evaluate.

--- Processing U01_data.csv ---
  Random Forest        -> Accuracy:  96.58%,  Macro FPR: 0.0019
  Decision Tree        -> Accuracy:  93.62%,  Macro FPR: 0.0036
  Logistic Regression  -> Accuracy:  45.08%,  Macro FPR: 0.0310
  Neural Network       -> Accuracy:  84.48%,  Macro FPR: 0.0087
  >> Best Model: Random Forest (Acc: 96.58%)

--- Processing U02_data.csv ---
  Random Forest        -> Accuracy:  97.29%,  Macro FPR: 0.0015
  Decision Tree        -> Accuracy:  95.09%,  Macro FPR: 0.0028
  Logistic Regression  -> Accuracy:  52.30%,  Macro FPR: 0.0271
  Neural Network       -> Accuracy:  87.95%,  Macro FPR: 0.0068
  >> Best Model: Random Forest (Acc: 97.29%)

--- Processing U03_data.csv ---
  Random Forest        -> Accuracy:  95.06%,  Macro FPR: 0.0028
  Decision Tree        -> Accuracy:  91.55%,  Macro FPR: 0.0047
  Logistic Regression  -> Accuracy:  47.28%,  Macro FPR: 0.0300
  Neural Network       -> Accuracy:  80.06%,  Macro FPR: 0.0112
  >> Best Model: Random Forest (Acc: 95.06%)

--- Processing U04_data.csv ---
  Random Forest        -> Accuracy:  94.96%,  Macro FPR: 0.0028
  Decision Tree        -> Accuracy:  91.40%,  Macro FPR: 0.0048
  Logistic Regression  -> Accuracy:  46.28%,  Macro FPR: 0.0306
  Neural Network       -> Accuracy:  81.69%,  Macro FPR: 0.0103
  >> Best Model: Random Forest (Acc: 94.96%)

--- Processing U05_data.csv ---
  Random Forest        -> Accuracy:  96.48%,  Macro FPR: 0.0020
  Decision Tree        -> Accuracy:  93.53%,  Macro FPR: 0.0036
  Logistic Regression  -> Accuracy:  44.02%,  Macro FPR: 0.0314
  Neural Network       -> Accuracy:  82.93%,  Macro FPR: 0.0096
  >> Best Model: Random Forest (Acc: 96.48%)

--- Processing U06_data.csv ---
  Random Forest        -> Accuracy:  96.26%,  Macro FPR: 0.0021
  Decision Tree        -> Accuracy:  92.49%,  Macro FPR: 0.0042
  Logistic Regression  -> Accuracy:  42.92%,  Macro FPR: 0.0323
  Neural Network       -> Accuracy:  82.80%,  Macro FPR: 0.0097
  >> Best Model: Random Forest (Acc: 96.26%)

--- Processing U07_data.csv ---
  Random Forest        -> Accuracy:  96.36%,  Macro FPR: 0.0021
  Decision Tree        -> Accuracy:  93.44%,  Macro FPR: 0.0037
  Logistic Regression  -> Accuracy:  52.71%,  Macro FPR: 0.0273
  Neural Network       -> Accuracy:  86.07%,  Macro FPR: 0.0079
  >> Best Model: Random Forest (Acc: 96.36%)

--- Processing U08_data.csv ---
  Random Forest        -> Accuracy:  94.20%,  Macro FPR: 0.0033
  Decision Tree        -> Accuracy:  89.89%,  Macro FPR: 0.0057
  Logistic Regression  -> Accuracy:  43.50%,  Macro FPR: 0.0324
  Neural Network       -> Accuracy:  79.01%,  Macro FPR: 0.0119
  >> Best Model: Random Forest (Acc: 94.20%)

--- Processing U09_data.csv ---
  Random Forest        -> Accuracy:  95.74%,  Macro FPR: 0.0024
  Decision Tree        -> Accuracy:  92.69%,  Macro FPR: 0.0041
  Logistic Regression  -> Accuracy:  44.39%,  Macro FPR: 0.0313
  Neural Network       -> Accuracy:  81.38%,  Macro FPR: 0.0105
  >> Best Model: Random Forest (Acc: 95.74%)

--- Processing U10_data.csv ---
  Random Forest        -> Accuracy:  96.93%,  Macro FPR: 0.0017
  Decision Tree        -> Accuracy:  94.24%,  Macro FPR: 0.0032
  Logistic Regression  -> Accuracy:  46.25%,  Macro FPR: 0.0307
  Neural Network       -> Accuracy:  85.66%,  Macro FPR: 0.0081
  >> Best Model: Random Forest (Acc: 96.93%)

--- Processing U11_data.csv ---
  Random Forest        -> Accuracy:  95.56%,  Macro FPR: 0.0025
  Decision Tree        -> Accuracy:  93.49%,  Macro FPR: 0.0036
  Logistic Regression  -> Accuracy:  45.84%,  Macro FPR: 0.0310
  Neural Network       -> Accuracy:  83.10%,  Macro FPR: 0.0096
  >> Best Model: Random Forest (Acc: 95.56%)

--- Processing U12_data.csv ---
  Random Forest        -> Accuracy:  96.20%,  Macro FPR: 0.0021
  Decision Tree        -> Accuracy:  92.14%,  Macro FPR: 0.0044
  Logistic Regression  -> Accuracy:  50.64%,  Macro FPR: 0.0276
  Neural Network       -> Accuracy:  87.11%,  Macro FPR: 0.0072
  >> Best Model: Random Forest (Acc: 96.20%)

--- Processing U13_data.csv ---
  Random Forest        -> Accuracy:  95.25%,  Macro FPR: 0.0027
  Decision Tree        -> Accuracy:  91.80%,  Macro FPR: 0.0046
  Logistic Regression  -> Accuracy:  47.41%,  Macro FPR: 0.0298
  Neural Network       -> Accuracy:  81.48%,  Macro FPR: 0.0105
  >> Best Model: Random Forest (Acc: 95.25%)

--- Processing U14_data.csv ---
  Random Forest        -> Accuracy:  96.20%,  Macro FPR: 0.0021
  Decision Tree        -> Accuracy:  93.91%,  Macro FPR: 0.0034
  Logistic Regression  -> Accuracy:  49.42%,  Macro FPR: 0.0283
  Neural Network       -> Accuracy:  86.19%,  Macro FPR: 0.0077
  >> Best Model: Random Forest (Acc: 96.20%)

--- Processing U21_data.csv ---
  Random Forest        -> Accuracy:  99.04%,  Macro FPR: 0.0024
  Decision Tree        -> Accuracy:  99.04%,  Macro FPR: 0.0024
  Logistic Regression  -> Accuracy:  78.84%,  Macro FPR: 0.0535
  Neural Network       -> Accuracy:  99.04%,  Macro FPR: 0.0024
  >> Best Model: Random Forest (Acc: 99.04%)

--- Processing U22_data.csv ---
  Random Forest        -> Accuracy:  97.63%,  Macro FPR: 0.0061
  Decision Tree        -> Accuracy:  96.68%,  Macro FPR: 0.0085
  Logistic Regression  -> Accuracy:  81.84%,  Macro FPR: 0.0464
  Neural Network       -> Accuracy:  96.61%,  Macro FPR: 0.0086
  >> Best Model: Random Forest (Acc: 97.63%)

--- Processing U23_data.csv ---
  Random Forest        -> Accuracy:  98.83%,  Macro FPR: 0.0023
  Decision Tree        -> Accuracy:  97.20%,  Macro FPR: 0.0058
  Logistic Regression  -> Accuracy:  81.02%,  Macro FPR: 0.0392
  Neural Network       -> Accuracy:  97.46%,  Macro FPR: 0.0050
  >> Best Model: Random Forest (Acc: 98.83%)

--- Processing U24_data.csv ---
  Random Forest        -> Accuracy:  99.84%,  Macro FPR: 0.0004
  Decision Tree        -> Accuracy:  99.64%,  Macro FPR: 0.0008
  Logistic Regression  -> Accuracy:  93.80%,  Macro FPR: 0.0135
  Neural Network       -> Accuracy:  99.53%,  Macro FPR: 0.0011
  >> Best Model: Random Forest (Acc: 99.84%)

--- Processing U25_data.csv ---
  Random Forest        -> Accuracy: 100.00%,  Macro FPR: 0.0000
  Decision Tree        -> Accuracy:  99.91%,  Macro FPR: 0.0002
  Logistic Regression  -> Accuracy:  96.95%,  Macro FPR: 0.0082
  Neural Network       -> Accuracy:  99.91%,  Macro FPR: 0.0002
  >> Best Model: Random Forest (Acc: 100.00%)

--- Processing U26_data.csv ---
  Random Forest        -> Accuracy:  99.67%,  Macro FPR: 0.0007
  Decision Tree        -> Accuracy:  99.47%,  Macro FPR: 0.0011
  Logistic Regression  -> Accuracy:  90.04%,  Macro FPR: 0.0204
  Neural Network       -> Accuracy:  99.06%,  Macro FPR: 0.0018
  >> Best Model: Random Forest (Acc: 99.67%)

--- Processing U27_data.csv ---
  Random Forest        -> Accuracy:  99.69%,  Macro FPR: 0.0007
  Decision Tree        -> Accuracy:  99.81%,  Macro FPR: 0.0004
  Logistic Regression  -> Accuracy:  87.44%,  Macro FPR: 0.0261
  Neural Network       -> Accuracy:  99.69%,  Macro FPR: 0.0007
  >> Best Model: Decision Tree (Acc: 99.81%)

--- Processing U28_data.csv ---
  Random Forest        -> Accuracy:  99.60%,  Macro FPR: 0.0008
  Decision Tree        -> Accuracy:  98.76%,  Macro FPR: 0.0027
  Logistic Regression  -> Accuracy:  75.56%,  Macro FPR: 0.0502
  Neural Network       -> Accuracy:  98.53%,  Macro FPR: 0.0030
  >> Best Model: Random Forest (Acc: 99.60%)

--- Processing U29_data.csv ---
  Random Forest        -> Accuracy:  99.65%,  Macro FPR: 0.0008
  Decision Tree        -> Accuracy:  99.50%,  Macro FPR: 0.0010
  Logistic Regression  -> Accuracy:  85.01%,  Macro FPR: 0.0314
  Neural Network       -> Accuracy:  99.01%,  Macro FPR: 0.0020
  >> Best Model: Random Forest (Acc: 99.65%)

--- Processing U30_data.csv ---
  Random Forest        -> Accuracy:  98.76%,  Macro FPR: 0.0026
  Decision Tree        -> Accuracy:  97.34%,  Macro FPR: 0.0056
  Logistic Regression  -> Accuracy:  81.66%,  Macro FPR: 0.0384
  Neural Network       -> Accuracy:  98.01%,  Macro FPR: 0.0040
  >> Best Model: Random Forest (Acc: 98.76%)

--- Processing U31_data.csv ---
  Random Forest        -> Accuracy:  99.93%,  Macro FPR: 0.0001
  Decision Tree        -> Accuracy:  99.40%,  Macro FPR: 0.0012
  Logistic Regression  -> Accuracy:  82.83%,  Macro FPR: 0.0359
  Neural Network       -> Accuracy:  99.60%,  Macro FPR: 0.0008
  >> Best Model: Random Forest (Acc: 99.93%)

========================================================
                     FINAL SUMMARY
========================================================

Model [Random Forest] performed best on 24 CSV file(s).
  Each CSV File's Accuracy & False Positive Rate:
    - U01_data.csv     |  Acc:  96.58%  |  FPR: 0.0019
    - U02_data.csv     |  Acc:  97.29%  |  FPR: 0.0015
    - U03_data.csv     |  Acc:  95.06%  |  FPR: 0.0028
    - U04_data.csv     |  Acc:  94.96%  |  FPR: 0.0028
    - U05_data.csv     |  Acc:  96.48%  |  FPR: 0.0020
    - U06_data.csv     |  Acc:  96.26%  |  FPR: 0.0021
    - U07_data.csv     |  Acc:  96.36%  |  FPR: 0.0021
    - U08_data.csv     |  Acc:  94.20%  |  FPR: 0.0033
    - U09_data.csv     |  Acc:  95.74%  |  FPR: 0.0024
    - U10_data.csv     |  Acc:  96.93%  |  FPR: 0.0017
    - U11_data.csv     |  Acc:  95.56%  |  FPR: 0.0025
    - U12_data.csv     |  Acc:  96.20%  |  FPR: 0.0021
    - U13_data.csv     |  Acc:  95.25%  |  FPR: 0.0027
    - U14_data.csv     |  Acc:  96.20%  |  FPR: 0.0021
    - U21_data.csv     |  Acc:  99.04%  |  FPR: 0.0024
    - U22_data.csv     |  Acc:  97.63%  |  FPR: 0.0061
    - U23_data.csv     |  Acc:  98.83%  |  FPR: 0.0023
    - U24_data.csv     |  Acc:  99.84%  |  FPR: 0.0004
    - U25_data.csv     |  Acc: 100.00%  |  FPR: 0.0000
    - U26_data.csv     |  Acc:  99.67%  |  FPR: 0.0007
    - U27_data.csv     |  Acc:  99.69%  |  FPR: 0.0007
    - U28_data.csv     |  Acc:  99.60%  |  FPR: 0.0008
    - U29_data.csv     |  Acc:  99.65%  |  FPR: 0.0008
    - U30_data.csv     |  Acc:  98.76%  |  FPR: 0.0026
    - U31_data.csv     |  Acc:  99.93%  |  FPR: 0.0001
  -> AVERAGE for Random Forest |  Acc:  97.43%  |  FPR: 0.0020

Model [Decision Tree] performed best on 1 CSV file(s).
  Each CSV File's Accuracy & False Positive Rate:
    - U01_data.csv     |  Acc:  93.62%  |  FPR: 0.0036
    - U02_data.csv     |  Acc:  95.09%  |  FPR: 0.0028
    - U03_data.csv     |  Acc:  91.55%  |  FPR: 0.0047
    - U04_data.csv     |  Acc:  91.40%  |  FPR: 0.0048
    - U05_data.csv     |  Acc:  93.53%  |  FPR: 0.0036
    - U06_data.csv     |  Acc:  92.49%  |  FPR: 0.0042
    - U07_data.csv     |  Acc:  93.44%  |  FPR: 0.0037
    - U08_data.csv     |  Acc:  89.89%  |  FPR: 0.0057
    - U09_data.csv     |  Acc:  92.69%  |  FPR: 0.0041
    - U10_data.csv     |  Acc:  94.24%  |  FPR: 0.0032
    - U11_data.csv     |  Acc:  93.49%  |  FPR: 0.0036
    - U12_data.csv     |  Acc:  92.14%  |  FPR: 0.0044
    - U13_data.csv     |  Acc:  91.80%  |  FPR: 0.0046
    - U14_data.csv     |  Acc:  93.91%  |  FPR: 0.0034
    - U21_data.csv     |  Acc:  99.04%  |  FPR: 0.0024
    - U22_data.csv     |  Acc:  96.68%  |  FPR: 0.0085
    - U23_data.csv     |  Acc:  97.20%  |  FPR: 0.0058
    - U24_data.csv     |  Acc:  99.64%  |  FPR: 0.0008
    - U25_data.csv     |  Acc:  99.91%  |  FPR: 0.0002
    - U26_data.csv     |  Acc:  99.47%  |  FPR: 0.0011
    - U27_data.csv     |  Acc:  99.81%  |  FPR: 0.0004
    - U28_data.csv     |  Acc:  98.76%  |  FPR: 0.0027
    - U29_data.csv     |  Acc:  99.50%  |  FPR: 0.0010
    - U30_data.csv     |  Acc:  97.34%  |  FPR: 0.0056
    - U31_data.csv     |  Acc:  99.40%  |  FPR: 0.0012
  -> AVERAGE for Decision Tree |  Acc:  95.44%  |  FPR: 0.0035

Model [Logistic Regression] performed best on 0 CSV file(s).
  Each CSV File's Accuracy & False Positive Rate:
    - U01_data.csv     |  Acc:  45.08%  |  FPR: 0.0310
    - U02_data.csv     |  Acc:  52.30%  |  FPR: 0.0271
    - U03_data.csv     |  Acc:  47.28%  |  FPR: 0.0300
    - U04_data.csv     |  Acc:  46.28%  |  FPR: 0.0306
    - U05_data.csv     |  Acc:  44.02%  |  FPR: 0.0314
    - U06_data.csv     |  Acc:  42.92%  |  FPR: 0.0323
    - U07_data.csv     |  Acc:  52.71%  |  FPR: 0.0273
    - U08_data.csv     |  Acc:  43.50%  |  FPR: 0.0324
    - U09_data.csv     |  Acc:  44.39%  |  FPR: 0.0313
    - U10_data.csv     |  Acc:  46.25%  |  FPR: 0.0307
    - U11_data.csv     |  Acc:  45.84%  |  FPR: 0.0310
    - U12_data.csv     |  Acc:  50.64%  |  FPR: 0.0276
    - U13_data.csv     |  Acc:  47.41%  |  FPR: 0.0298
    - U14_data.csv     |  Acc:  49.42%  |  FPR: 0.0283
    - U21_data.csv     |  Acc:  78.84%  |  FPR: 0.0535
    - U22_data.csv     |  Acc:  81.84%  |  FPR: 0.0464
    - U23_data.csv     |  Acc:  81.02%  |  FPR: 0.0392
    - U24_data.csv     |  Acc:  93.80%  |  FPR: 0.0135
    - U25_data.csv     |  Acc:  96.95%  |  FPR: 0.0082
    - U26_data.csv     |  Acc:  90.04%  |  FPR: 0.0204
    - U27_data.csv     |  Acc:  87.44%  |  FPR: 0.0261
    - U28_data.csv     |  Acc:  75.56%  |  FPR: 0.0502
    - U29_data.csv     |  Acc:  85.01%  |  FPR: 0.0314
    - U30_data.csv     |  Acc:  81.66%  |  FPR: 0.0384
    - U31_data.csv     |  Acc:  82.83%  |  FPR: 0.0359
  -> AVERAGE for Logistic Regression |  Acc:  63.72%  |  FPR: 0.0314

Model [Neural Network] performed best on 0 CSV file(s).
  Each CSV File's Accuracy & False Positive Rate:
    - U01_data.csv     |  Acc:  84.48%  |  FPR: 0.0087
    - U02_data.csv     |  Acc:  87.95%  |  FPR: 0.0068
    - U03_data.csv     |  Acc:  80.06%  |  FPR: 0.0112
    - U04_data.csv     |  Acc:  81.69%  |  FPR: 0.0103
    - U05_data.csv     |  Acc:  82.93%  |  FPR: 0.0096
    - U06_data.csv     |  Acc:  82.80%  |  FPR: 0.0097
    - U07_data.csv     |  Acc:  86.07%  |  FPR: 0.0079
    - U08_data.csv     |  Acc:  79.01%  |  FPR: 0.0119
    - U09_data.csv     |  Acc:  81.38%  |  FPR: 0.0105
    - U10_data.csv     |  Acc:  85.66%  |  FPR: 0.0081
    - U11_data.csv     |  Acc:  83.10%  |  FPR: 0.0096
    - U12_data.csv     |  Acc:  87.11%  |  FPR: 0.0072
    - U13_data.csv     |  Acc:  81.48%  |  FPR: 0.0105
    - U14_data.csv     |  Acc:  86.19%  |  FPR: 0.0077
    - U21_data.csv     |  Acc:  99.04%  |  FPR: 0.0024
    - U22_data.csv     |  Acc:  96.61%  |  FPR: 0.0086
    - U23_data.csv     |  Acc:  97.46%  |  FPR: 0.0050
    - U24_data.csv     |  Acc:  99.53%  |  FPR: 0.0011
    - U25_data.csv     |  Acc:  99.91%  |  FPR: 0.0002
    - U26_data.csv     |  Acc:  99.06%  |  FPR: 0.0018
    - U27_data.csv     |  Acc:  99.69%  |  FPR: 0.0007
    - U28_data.csv     |  Acc:  98.53%  |  FPR: 0.0030
    - U29_data.csv     |  Acc:  99.01%  |  FPR: 0.0020
    - U30_data.csv     |  Acc:  98.01%  |  FPR: 0.0040
    - U31_data.csv     |  Acc:  99.60%  |  FPR: 0.0008
  -> AVERAGE for Neural Network |  Acc:  90.25%  |  FPR: 0.0064

========================================================
                     CONCLUSION
========================================================
Based on evaluating models on the movement dataset, the best overall model across all CSV computations is: 'Random Forest'.

[SUCCESS] Saved comprehensive continuous Accuracy tables strictly structured to 'model_accuracies.csv'.
[SUCCESS] Saved comprehensive continuous FPR table strictly structured to 'model_fprs.csv'.
[SUCCESS] Complete terminal validation log and computations are successfully duplicated/appended chronologically to root log file -> 'output.log'.
